<?xml version="1.0" encoding="UTF-8"?>
<testng-results skipped="0" failed="0" ignored="0" total="0" passed="0">
  <reporter-output>
  </reporter-output>
  <suite name="TestAutomation" duration-ms="23357" started-at="2020-06-01T13:43:49 IST" finished-at="2020-06-01T13:44:12 IST">
    <groups>
    </groups>
    <test name="TestOne" duration-ms="23357" started-at="2020-06-01T13:43:49 IST" finished-at="2020-06-01T13:44:12 IST">
    </test> <!-- TestOne -->
  </suite> <!-- TestAutomation -->
</testng-results>
