<?xml version="1.0" encoding="UTF-8"?>
<!-- Generated by org.testng.reporters.JUnitXMLReporter -->
<testsuite hostname="sr18" name="TestTwo" tests="4" failures="0" timestamp="4 Apr 2020 14:39:59 GMT" time="0.044" errors="0">
  <testcase name="login" time="0.01" classname="TestNGSampleTest.NewTest"/>
  <testcase name="login" time="0.001" classname="TestNGSampleTest.NewTest"/>
  <testcase name="login" time="0.001" classname="TestNGSampleTest.NewTest"/>
  <testcase name="login" time="0.001" classname="TestNGSampleTest.NewTest"/>
</testsuite> <!-- TestTwo -->
