<?xml version="1.0" encoding="UTF-8"?>
<!-- Generated by org.testng.reporters.JUnitXMLReporter -->
<testsuite hostname="sr18" name="TestOne" tests="3" failures="0" timestamp="4 Apr 2020 14:36:52 GMT" time="0.034" errors="0">
  <testcase name="testMethod1" time="0.012" classname="TestNGSampleTest.TestSampleGroups"/>
  <testcase name="testMethod2" time="0.001" classname="TestNGSampleTest.TestSampleGroups"/>
  <testcase name="testMethod3" time="0.001" classname="TestNGSampleTest.TestSampleGroups"/>
</testsuite> <!-- TestOne -->
