<?xml version="1.0" encoding="UTF-8"?>
<testng-results skipped="0" failed="0" ignored="0" total="2" passed="2">
  <reporter-output>
  </reporter-output>
  <suite name="Default suite" duration-ms="42182" started-at="2020-08-02T13:54:22Z" finished-at="2020-08-02T13:55:04Z">
    <groups>
      <group name="cucumber">
        <method signature="AbstractTestNGCucumberTests.feature(cucumber.api.testng.CucumberFeatureWrapper)[pri:0, instance:MyRunner.TestRunner@56ac3a89]" name="feature" class="cucumber.api.testng.AbstractTestNGCucumberTests"/>
      </group> <!-- cucumber -->
    </groups>
    <test name="Default test" duration-ms="42182" started-at="2020-08-02T13:54:22Z" finished-at="2020-08-02T13:55:04Z">
      <class name="MyRunner.TestRunner">
        <test-method status="PASS" signature="setUpClass()[pri:0, instance:MyRunner.TestRunner@56ac3a89]" name="setUpClass" is-config="true" duration-ms="632" started-at="2020-08-02T19:24:22Z" finished-at="2020-08-02T19:24:23Z">
          <reporter-output>
          </reporter-output>
        </test-method> <!-- setUpClass -->
        <test-method status="PASS" signature="feature(cucumber.api.testng.CucumberFeatureWrapper)[pri:0, instance:MyRunner.TestRunner@56ac3a89]" name="feature" duration-ms="19775" started-at="2020-08-02T19:24:23Z" description="Runs Cucumber Feature" data-provider="features" finished-at="2020-08-02T19:24:43Z">
          <params>
            <param index="0">
              <value>
                <![CDATA[Demo Site Form Filling-Chrome]]>
              </value>
            </param>
          </params>
          <reporter-output>
          </reporter-output>
        </test-method> <!-- feature -->
        <test-method status="PASS" signature="feature(cucumber.api.testng.CucumberFeatureWrapper)[pri:0, instance:MyRunner.TestRunner@56ac3a89]" name="feature" duration-ms="20968" started-at="2020-08-02T19:24:43Z" description="Runs Cucumber Feature" data-provider="features" finished-at="2020-08-02T19:25:04Z">
          <params>
            <param index="0">
              <value>
                <![CDATA[Demo Site Form Filling-Firefox]]>
              </value>
            </param>
          </params>
          <reporter-output>
          </reporter-output>
        </test-method> <!-- feature -->
        <test-method status="PASS" signature="tearDownClass()[pri:0, instance:MyRunner.TestRunner@56ac3a89]" name="tearDownClass" is-config="true" duration-ms="624" started-at="2020-08-02T19:25:04Z" finished-at="2020-08-02T19:25:04Z">
          <reporter-output>
          </reporter-output>
        </test-method> <!-- tearDownClass -->
      </class> <!-- MyRunner.TestRunner -->
    </test> <!-- Default test -->
  </suite> <!-- Default suite -->
</testng-results>
