<?xml version="1.0" encoding="UTF-8"?>
<!-- Generated by org.testng.reporters.JUnitReportReporter -->
<testsuite hostname="sr18" name="ParallelTest.Methodsparallel" tests="4" failures="0" timestamp="25 Mar 2020 11:25:36 GMT" time="0.013" errors="0">
  <testcase name="login1" time="0.012" classname="ParallelTest.Methodsparallel"/>
  <testcase name="searchtest1" time="0.001" classname="ParallelTest.Methodsparallel"/>
  <testcase name="titletest1" time="0.000" classname="ParallelTest.Methodsparallel"/>
  <testcase name="logotest1" time="0.000" classname="ParallelTest.Methodsparallel"/>
</testsuite> <!-- ParallelTest.Methodsparallel -->
