<?xml version="1.0" encoding="UTF-8"?>
<!-- Generated by org.testng.reporters.JUnitReportReporter -->
<testsuite hostname="sr18" name="ParallelTest.MethodsParalleltwo" tests="4" failures="0" timestamp="25 Mar 2020 11:25:36 GMT" time="0.015" errors="0">
  <testcase name="searchtest2" time="0.001" classname="ParallelTest.MethodsParalleltwo"/>
  <testcase name="login2" time="0.012" classname="ParallelTest.MethodsParalleltwo"/>
  <testcase name="logotest2" time="0.001" classname="ParallelTest.MethodsParalleltwo"/>
  <testcase name="titletest2" time="0.001" classname="ParallelTest.MethodsParalleltwo"/>
</testsuite> <!-- ParallelTest.MethodsParalleltwo -->
