<?xml version="1.0" encoding="UTF-8"?>
<!-- Generated by org.testng.reporters.JUnitReportReporter -->
<testsuite hostname="sr18" name="TestNGSampleTest.NewTest" tests="4" failures="0" timestamp="4 Apr 2020 14:39:59 GMT" time="0.013" errors="0">
  <testcase name="login" time="0.001" classname="TestNGSampleTest.NewTest"/>
  <testcase name="login" time="0.010" classname="TestNGSampleTest.NewTest"/>
  <testcase name="login" time="0.001" classname="TestNGSampleTest.NewTest"/>
  <testcase name="login" time="0.001" classname="TestNGSampleTest.NewTest"/>
</testsuite> <!-- TestNGSampleTest.NewTest -->
